running develop
running egg_info
creating metafly_description.egg-info
writing metafly_description.egg-info/PKG-INFO
writing dependency_links to metafly_description.egg-info/dependency_links.txt
writing entry points to metafly_description.egg-info/entry_points.txt
writing requirements to metafly_description.egg-info/requires.txt
writing top-level names to metafly_description.egg-info/top_level.txt
writing manifest file 'metafly_description.egg-info/SOURCES.txt'
reading manifest file 'metafly_description.egg-info/SOURCES.txt'
writing manifest file 'metafly_description.egg-info/SOURCES.txt'
running build_ext
Creating /home/kseelams/ece569-fall2025/lab3/ws3/src/install/metafly_description/lib/python3.10/site-packages/metafly-description.egg-link (link to .)

Installed /home/kseelams/ece569-fall2025/lab3/ws3/src/build/metafly_description
running symlink_data
creating /home/kseelams/ece569-fall2025/lab3/ws3/src/install/metafly_description/share/ament_index
creating /home/kseelams/ece569-fall2025/lab3/ws3/src/install/metafly_description/share/ament_index/resource_index
creating /home/kseelams/ece569-fall2025/lab3/ws3/src/install/metafly_description/share/ament_index/resource_index/packages
symbolically linking /home/kseelams/ece569-fall2025/lab3/ws3/src/build/metafly_description/resource/metafly_description -> /home/kseelams/ece569-fall2025/lab3/ws3/src/install/metafly_description/share/ament_index/resource_index/packages
symbolically linking /home/kseelams/ece569-fall2025/lab3/ws3/src/build/metafly_description/package.xml -> /home/kseelams/ece569-fall2025/lab3/ws3/src/install/metafly_description/share/metafly_description
