[0.652s] Invoking command in '/home/kseelams/ece569-fall2025/lab3/ws3/src/build/metafly_description': PYTHONPATH=/home/kseelams/ece569-fall2025/lab3/ws3/src/build/metafly_description/prefix_override:/usr/lib/python3/dist-packages/colcon_core/task/python/colcon_distutils_commands:/home/kseelams/ece569-fall2025/lab3/ws3/src/install/metafly_description/lib/python3.10/site-packages:${PYTHONPATH} /usr/bin/python3 -W ignore:setup.py install is deprecated -W ignore:easy_install command is deprecated setup.py develop --editable --build-directory /home/kseelams/ece569-fall2025/lab3/ws3/src/build/metafly_description/build --no-deps symlink_data
[0.892s] running develop
[1.026s] running egg_info
[1.026s] creating metafly_description.egg-info
[1.026s] writing metafly_description.egg-info/PKG-INFO
[1.027s] writing dependency_links to metafly_description.egg-info/dependency_links.txt
[1.027s] writing entry points to metafly_description.egg-info/entry_points.txt
[1.027s] writing requirements to metafly_description.egg-info/requires.txt
[1.027s] writing top-level names to metafly_description.egg-info/top_level.txt
[1.027s] writing manifest file 'metafly_description.egg-info/SOURCES.txt'
[1.029s] reading manifest file 'metafly_description.egg-info/SOURCES.txt'
[1.029s] writing manifest file 'metafly_description.egg-info/SOURCES.txt'
[1.033s] running build_ext
[1.034s] Creating /home/kseelams/ece569-fall2025/lab3/ws3/src/install/metafly_description/lib/python3.10/site-packages/metafly-description.egg-link (link to .)
[1.034s] 
[1.034s] Installed /home/kseelams/ece569-fall2025/lab3/ws3/src/build/metafly_description
[1.034s] running symlink_data
[1.034s] creating /home/kseelams/ece569-fall2025/lab3/ws3/src/install/metafly_description/share/ament_index
[1.034s] creating /home/kseelams/ece569-fall2025/lab3/ws3/src/install/metafly_description/share/ament_index/resource_index
[1.035s] creating /home/kseelams/ece569-fall2025/lab3/ws3/src/install/metafly_description/share/ament_index/resource_index/packages
[1.035s] symbolically linking /home/kseelams/ece569-fall2025/lab3/ws3/src/build/metafly_description/resource/metafly_description -> /home/kseelams/ece569-fall2025/lab3/ws3/src/install/metafly_description/share/ament_index/resource_index/packages
[1.035s] symbolically linking /home/kseelams/ece569-fall2025/lab3/ws3/src/build/metafly_description/package.xml -> /home/kseelams/ece569-fall2025/lab3/ws3/src/install/metafly_description/share/metafly_description
[1.056s] Invoked command in '/home/kseelams/ece569-fall2025/lab3/ws3/src/build/metafly_description' returned '0': PYTHONPATH=/home/kseelams/ece569-fall2025/lab3/ws3/src/build/metafly_description/prefix_override:/usr/lib/python3/dist-packages/colcon_core/task/python/colcon_distutils_commands:/home/kseelams/ece569-fall2025/lab3/ws3/src/install/metafly_description/lib/python3.10/site-packages:${PYTHONPATH} /usr/bin/python3 -W ignore:setup.py install is deprecated -W ignore:easy_install command is deprecated setup.py develop --editable --build-directory /home/kseelams/ece569-fall2025/lab3/ws3/src/build/metafly_description/build --no-deps symlink_data
