[0.257s] DEBUG:colcon:Command line arguments: ['/usr/bin/colcon', 'build', '--symlink-install']
[0.257s] DEBUG:colcon:Parsed command line arguments: Namespace(log_base=None, log_level=None, verb_name='build', build_base='build', install_base='install', merge_install=False, symlink_install=True, test_result_base=None, continue_on_error=False, executor='parallel', parallel_workers=8, event_handlers=None, ignore_user_meta=False, metas=['./colcon.meta'], base_paths=['.'], packages_ignore=None, packages_ignore_regex=None, paths=None, packages_up_to=None, packages_up_to_regex=None, packages_above=None, packages_above_and_dependencies=None, packages_above_depth=None, packages_select_by_dep=None, packages_skip_by_dep=None, packages_skip_up_to=None, packages_select_build_failed=False, packages_skip_build_finished=False, packages_select_test_failures=False, packages_skip_test_passed=False, packages_select=None, packages_skip=None, packages_select_regex=None, packages_skip_regex=None, packages_start=None, packages_end=None, allow_overriding=[], cmake_args=None, cmake_target=None, cmake_target_skip_unavailable=False, cmake_clean_cache=False, cmake_clean_first=False, cmake_force_configure=False, ament_cmake_args=None, catkin_cmake_args=None, catkin_skip_building_tests=False, mixin_files=None, mixin=None, verb_parser=<colcon_mixin.mixin.mixin_argument.MixinArgumentDecorator object at 0x740a14916dd0>, verb_extension=<colcon_core.verb.build.BuildVerb object at 0x740a14916800>, main=<bound method BuildVerb.main of <colcon_core.verb.build.BuildVerb object at 0x740a14916800>>, mixin_verb=('build',))
[0.689s] Level 1:colcon.colcon_core.package_discovery:discover_packages(colcon_meta) check parameters
[0.690s] Level 1:colcon.colcon_core.package_discovery:discover_packages(recursive) check parameters
[0.690s] Level 1:colcon.colcon_core.package_discovery:discover_packages(ignore) check parameters
[0.690s] Level 1:colcon.colcon_core.package_discovery:discover_packages(path) check parameters
[0.690s] Level 1:colcon.colcon_core.package_discovery:discover_packages(colcon_meta) discover
[0.690s] Level 1:colcon.colcon_core.package_discovery:discover_packages(recursive) discover
[0.690s] INFO:colcon.colcon_core.package_discovery:Crawling recursively for packages in '/home/kseelams/ece569-fall2025/lab3/ws3/src'
[0.690s] Level 1:colcon.colcon_core.package_identification:_identify(.) by extensions ['ignore', 'ignore_ament_install']
[0.690s] Level 1:colcon.colcon_core.package_identification:_identify(.) by extension 'ignore'
[0.690s] Level 1:colcon.colcon_core.package_identification:_identify(.) by extension 'ignore_ament_install'
[0.691s] Level 1:colcon.colcon_core.package_identification:_identify(.) by extensions ['colcon_pkg']
[0.691s] Level 1:colcon.colcon_core.package_identification:_identify(.) by extension 'colcon_pkg'
[0.691s] Level 1:colcon.colcon_core.package_identification:_identify(.) by extensions ['colcon_meta']
[0.691s] Level 1:colcon.colcon_core.package_identification:_identify(.) by extension 'colcon_meta'
[0.691s] Level 1:colcon.colcon_core.package_identification:_identify(.) by extensions ['ros']
[0.691s] Level 1:colcon.colcon_core.package_identification:_identify(.) by extension 'ros'
[0.702s] Level 1:colcon.colcon_core.package_identification:_identify(.) by extensions ['cmake', 'python']
[0.703s] Level 1:colcon.colcon_core.package_identification:_identify(.) by extension 'cmake'
[0.703s] Level 1:colcon.colcon_core.package_identification:_identify(.) by extension 'python'
[0.703s] Level 1:colcon.colcon_core.package_identification:_identify(.) by extensions ['python_setup_py']
[0.703s] Level 1:colcon.colcon_core.package_identification:_identify(.) by extension 'python_setup_py'
[0.703s] Level 1:colcon.colcon_core.package_identification:_identify(build) by extensions ['ignore', 'ignore_ament_install']
[0.703s] Level 1:colcon.colcon_core.package_identification:_identify(build) by extension 'ignore'
[0.703s] Level 1:colcon.colcon_core.package_identification:_identify(build) ignored
[0.703s] Level 1:colcon.colcon_core.package_identification:_identify(install) by extensions ['ignore', 'ignore_ament_install']
[0.703s] Level 1:colcon.colcon_core.package_identification:_identify(install) by extension 'ignore'
[0.703s] Level 1:colcon.colcon_core.package_identification:_identify(install) ignored
[0.703s] Level 1:colcon.colcon_core.package_identification:_identify(log) by extensions ['ignore', 'ignore_ament_install']
[0.703s] Level 1:colcon.colcon_core.package_identification:_identify(log) by extension 'ignore'
[0.703s] Level 1:colcon.colcon_core.package_identification:_identify(log) ignored
[0.704s] Level 1:colcon.colcon_core.package_identification:_identify(metafly_description) by extensions ['ignore', 'ignore_ament_install']
[0.704s] Level 1:colcon.colcon_core.package_identification:_identify(metafly_description) by extension 'ignore'
[0.704s] Level 1:colcon.colcon_core.package_identification:_identify(metafly_description) by extension 'ignore_ament_install'
[0.704s] Level 1:colcon.colcon_core.package_identification:_identify(metafly_description) by extensions ['colcon_pkg']
[0.704s] Level 1:colcon.colcon_core.package_identification:_identify(metafly_description) by extension 'colcon_pkg'
[0.704s] Level 1:colcon.colcon_core.package_identification:_identify(metafly_description) by extensions ['colcon_meta']
[0.704s] Level 1:colcon.colcon_core.package_identification:_identify(metafly_description) by extension 'colcon_meta'
[0.704s] Level 1:colcon.colcon_core.package_identification:_identify(metafly_description) by extensions ['ros']
[0.704s] Level 1:colcon.colcon_core.package_identification:_identify(metafly_description) by extension 'ros'
[0.711s] DEBUG:colcon.colcon_core.package_identification:Package 'metafly_description' with type 'ros.ament_python' and name 'metafly_description'
[0.711s] Level 1:colcon.colcon_core.package_discovery:discover_packages(recursive) using defaults
[0.711s] Level 1:colcon.colcon_core.package_discovery:discover_packages(ignore) discover
[0.711s] Level 1:colcon.colcon_core.package_discovery:discover_packages(ignore) using defaults
[0.711s] Level 1:colcon.colcon_core.package_discovery:discover_packages(path) discover
[0.711s] Level 1:colcon.colcon_core.package_discovery:discover_packages(path) using defaults
[0.762s] Level 1:colcon.colcon_core.package_discovery:discover_packages(prefix_path) check parameters
[0.762s] Level 1:colcon.colcon_core.package_discovery:discover_packages(prefix_path) discover
[0.768s] DEBUG:colcon.colcon_installed_package_information.package_discovery:Found 481 installed packages in /opt/ros/humble
[0.771s] Level 1:colcon.colcon_core.package_discovery:discover_packages(prefix_path) using defaults
[0.893s] Level 5:colcon.colcon_core.verb:set package 'metafly_description' build argument 'cmake_args' from command line to 'None'
[0.893s] Level 5:colcon.colcon_core.verb:set package 'metafly_description' build argument 'cmake_target' from command line to 'None'
[0.893s] Level 5:colcon.colcon_core.verb:set package 'metafly_description' build argument 'cmake_target_skip_unavailable' from command line to 'False'
[0.893s] Level 5:colcon.colcon_core.verb:set package 'metafly_description' build argument 'cmake_clean_cache' from command line to 'False'
[0.893s] Level 5:colcon.colcon_core.verb:set package 'metafly_description' build argument 'cmake_clean_first' from command line to 'False'
[0.893s] Level 5:colcon.colcon_core.verb:set package 'metafly_description' build argument 'cmake_force_configure' from command line to 'False'
[0.893s] Level 5:colcon.colcon_core.verb:set package 'metafly_description' build argument 'ament_cmake_args' from command line to 'None'
[0.893s] Level 5:colcon.colcon_core.verb:set package 'metafly_description' build argument 'catkin_cmake_args' from command line to 'None'
[0.893s] Level 5:colcon.colcon_core.verb:set package 'metafly_description' build argument 'catkin_skip_building_tests' from command line to 'False'
[0.893s] DEBUG:colcon.colcon_core.verb:Building package 'metafly_description' with the following arguments: {'ament_cmake_args': None, 'build_base': '/home/kseelams/ece569-fall2025/lab3/ws3/src/build/metafly_description', 'catkin_cmake_args': None, 'catkin_skip_building_tests': False, 'cmake_args': None, 'cmake_clean_cache': False, 'cmake_clean_first': False, 'cmake_force_configure': False, 'cmake_target': None, 'cmake_target_skip_unavailable': False, 'install_base': '/home/kseelams/ece569-fall2025/lab3/ws3/src/install/metafly_description', 'merge_install': False, 'path': '/home/kseelams/ece569-fall2025/lab3/ws3/src/metafly_description', 'symlink_install': True, 'test_result_base': None}
[0.893s] INFO:colcon.colcon_core.executor:Executing jobs using 'parallel' executor
[0.894s] DEBUG:colcon.colcon_parallel_executor.executor.parallel:run_until_complete
[0.895s] INFO:colcon.colcon_ros.task.ament_python.build:Building ROS package in '/home/kseelams/ece569-fall2025/lab3/ws3/src/metafly_description' with build type 'ament_python'
[0.895s] Level 1:colcon.colcon_core.shell:create_environment_hook('metafly_description', 'ament_prefix_path')
[0.903s] INFO:colcon.colcon_core.plugin_system:Skipping extension 'colcon_core.shell.bat': Not used on non-Windows systems
[0.904s] INFO:colcon.colcon_core.shell:Creating environment hook '/home/kseelams/ece569-fall2025/lab3/ws3/src/install/metafly_description/share/metafly_description/hook/ament_prefix_path.ps1'
[0.905s] INFO:colcon.colcon_core.shell:Creating environment descriptor '/home/kseelams/ece569-fall2025/lab3/ws3/src/install/metafly_description/share/metafly_description/hook/ament_prefix_path.dsv'
[0.906s] INFO:colcon.colcon_core.shell:Creating environment hook '/home/kseelams/ece569-fall2025/lab3/ws3/src/install/metafly_description/share/metafly_description/hook/ament_prefix_path.sh'
[0.907s] INFO:colcon.colcon_core.shell:Skip shell extension 'powershell' for command environment: Not usable outside of PowerShell
[0.907s] DEBUG:colcon.colcon_core.shell:Skip shell extension 'dsv' for command environment
[1.114s] INFO:colcon.colcon_core.task.python.build:Building Python package in '/home/kseelams/ece569-fall2025/lab3/ws3/src/metafly_description'
[1.114s] INFO:colcon.colcon_core.shell:Skip shell extension 'powershell' for command environment: Not usable outside of PowerShell
[1.114s] DEBUG:colcon.colcon_core.shell:Skip shell extension 'dsv' for command environment
[1.548s] DEBUG:colcon.colcon_core.event_handler.log_command:Invoking command in '/home/kseelams/ece569-fall2025/lab3/ws3/src/build/metafly_description': PYTHONPATH=/home/kseelams/ece569-fall2025/lab3/ws3/src/build/metafly_description/prefix_override:/usr/lib/python3/dist-packages/colcon_core/task/python/colcon_distutils_commands:/home/kseelams/ece569-fall2025/lab3/ws3/src/install/metafly_description/lib/python3.10/site-packages:${PYTHONPATH} /usr/bin/python3 -W ignore:setup.py install is deprecated -W ignore:easy_install command is deprecated setup.py develop --editable --build-directory /home/kseelams/ece569-fall2025/lab3/ws3/src/build/metafly_description/build --no-deps symlink_data
[1.951s] Level 1:colcon.colcon_core.shell:create_environment_hook('metafly_description', 'pythonpath_develop')
[1.951s] INFO:colcon.colcon_core.shell:Creating environment hook '/home/kseelams/ece569-fall2025/lab3/ws3/src/build/metafly_description/share/metafly_description/hook/pythonpath_develop.ps1'
[1.951s] DEBUG:colcon.colcon_core.event_handler.log_command:Invoked command in '/home/kseelams/ece569-fall2025/lab3/ws3/src/build/metafly_description' returned '0': PYTHONPATH=/home/kseelams/ece569-fall2025/lab3/ws3/src/build/metafly_description/prefix_override:/usr/lib/python3/dist-packages/colcon_core/task/python/colcon_distutils_commands:/home/kseelams/ece569-fall2025/lab3/ws3/src/install/metafly_description/lib/python3.10/site-packages:${PYTHONPATH} /usr/bin/python3 -W ignore:setup.py install is deprecated -W ignore:easy_install command is deprecated setup.py develop --editable --build-directory /home/kseelams/ece569-fall2025/lab3/ws3/src/build/metafly_description/build --no-deps symlink_data
[1.952s] INFO:colcon.colcon_core.shell:Creating environment descriptor '/home/kseelams/ece569-fall2025/lab3/ws3/src/build/metafly_description/share/metafly_description/hook/pythonpath_develop.dsv'
[1.953s] INFO:colcon.colcon_core.shell:Creating environment hook '/home/kseelams/ece569-fall2025/lab3/ws3/src/build/metafly_description/share/metafly_description/hook/pythonpath_develop.sh'
[1.969s] Level 1:colcon.colcon_core.environment:checking '/home/kseelams/ece569-fall2025/lab3/ws3/src/install/metafly_description' for CMake module files
[1.970s] Level 1:colcon.colcon_core.environment:checking '/home/kseelams/ece569-fall2025/lab3/ws3/src/install/metafly_description' for CMake config files
[1.970s] Level 1:colcon.colcon_core.environment:checking '/home/kseelams/ece569-fall2025/lab3/ws3/src/install/metafly_description/lib'
[1.970s] Level 1:colcon.colcon_core.environment:checking '/home/kseelams/ece569-fall2025/lab3/ws3/src/install/metafly_description/bin'
[1.970s] Level 1:colcon.colcon_core.environment:checking '/home/kseelams/ece569-fall2025/lab3/ws3/src/install/metafly_description/lib/pkgconfig/metafly_description.pc'
[1.971s] Level 1:colcon.colcon_core.environment:checking '/home/kseelams/ece569-fall2025/lab3/ws3/src/install/metafly_description/lib/python3.10/site-packages'
[1.971s] Level 1:colcon.colcon_core.shell:create_environment_hook('metafly_description', 'pythonpath')
[1.971s] INFO:colcon.colcon_core.shell:Creating environment hook '/home/kseelams/ece569-fall2025/lab3/ws3/src/install/metafly_description/share/metafly_description/hook/pythonpath.ps1'
[1.971s] INFO:colcon.colcon_core.shell:Creating environment descriptor '/home/kseelams/ece569-fall2025/lab3/ws3/src/install/metafly_description/share/metafly_description/hook/pythonpath.dsv'
[1.971s] INFO:colcon.colcon_core.shell:Creating environment hook '/home/kseelams/ece569-fall2025/lab3/ws3/src/install/metafly_description/share/metafly_description/hook/pythonpath.sh'
[1.972s] Level 1:colcon.colcon_core.environment:checking '/home/kseelams/ece569-fall2025/lab3/ws3/src/install/metafly_description/bin'
[1.972s] Level 1:colcon.colcon_core.environment:create_environment_scripts_only(metafly_description)
[1.972s] INFO:colcon.colcon_core.shell:Creating package script '/home/kseelams/ece569-fall2025/lab3/ws3/src/install/metafly_description/share/metafly_description/package.ps1'
[1.973s] INFO:colcon.colcon_core.shell:Creating package descriptor '/home/kseelams/ece569-fall2025/lab3/ws3/src/install/metafly_description/share/metafly_description/package.dsv'
[1.974s] INFO:colcon.colcon_core.shell:Creating package script '/home/kseelams/ece569-fall2025/lab3/ws3/src/install/metafly_description/share/metafly_description/package.sh'
[1.975s] INFO:colcon.colcon_core.shell:Creating package script '/home/kseelams/ece569-fall2025/lab3/ws3/src/install/metafly_description/share/metafly_description/package.bash'
[1.976s] INFO:colcon.colcon_core.shell:Creating package script '/home/kseelams/ece569-fall2025/lab3/ws3/src/install/metafly_description/share/metafly_description/package.zsh'
[1.977s] Level 1:colcon.colcon_core.environment:create_file_with_runtime_dependencies(/home/kseelams/ece569-fall2025/lab3/ws3/src/install/metafly_description/share/colcon-core/packages/metafly_description)
[1.977s] DEBUG:colcon.colcon_parallel_executor.executor.parallel:closing loop
[1.978s] DEBUG:colcon.colcon_parallel_executor.executor.parallel:loop closed
[1.978s] DEBUG:colcon.colcon_parallel_executor.executor.parallel:run_until_complete finished with '0'
[1.978s] DEBUG:colcon.colcon_core.event_reactor:joining thread
[2.116s] INFO:colcon.colcon_core.plugin_system:Skipping extension 'colcon_notification.desktop_notification.notify_send': Could not find 'notify-send'
[2.117s] INFO:colcon.colcon_core.plugin_system:Skipping extension 'colcon_notification.desktop_notification.terminal_notifier': Not used on non-Darwin systems
[2.117s] INFO:colcon.colcon_core.plugin_system:Skipping extension 'colcon_notification.desktop_notification.win32': Not used on non-Windows systems
[2.117s] INFO:colcon.colcon_notification.desktop_notification:Sending desktop notification using 'notify2'
[2.119s] DEBUG:colcon.colcon_notification.desktop_notification.notify2:Failed to initialize notify2: org.freedesktop.DBus.Error.FileNotFound: Failed to connect to socket /run/user/1000/bus: No such file or directory
[2.119s] DEBUG:colcon.colcon_core.event_reactor:joined thread
[2.120s] INFO:colcon.colcon_core.shell:Creating prefix script '/home/kseelams/ece569-fall2025/lab3/ws3/src/install/local_setup.ps1'
[2.121s] INFO:colcon.colcon_core.shell:Creating prefix util module '/home/kseelams/ece569-fall2025/lab3/ws3/src/install/_local_setup_util_ps1.py'
[2.123s] INFO:colcon.colcon_core.shell:Creating prefix chain script '/home/kseelams/ece569-fall2025/lab3/ws3/src/install/setup.ps1'
[2.125s] INFO:colcon.colcon_core.shell:Creating prefix script '/home/kseelams/ece569-fall2025/lab3/ws3/src/install/local_setup.sh'
[2.126s] INFO:colcon.colcon_core.shell:Creating prefix util module '/home/kseelams/ece569-fall2025/lab3/ws3/src/install/_local_setup_util_sh.py'
[2.127s] INFO:colcon.colcon_core.shell:Creating prefix chain script '/home/kseelams/ece569-fall2025/lab3/ws3/src/install/setup.sh'
[2.128s] INFO:colcon.colcon_core.shell:Creating prefix script '/home/kseelams/ece569-fall2025/lab3/ws3/src/install/local_setup.bash'
[2.130s] INFO:colcon.colcon_core.shell:Creating prefix chain script '/home/kseelams/ece569-fall2025/lab3/ws3/src/install/setup.bash'
[2.131s] INFO:colcon.colcon_core.shell:Creating prefix script '/home/kseelams/ece569-fall2025/lab3/ws3/src/install/local_setup.zsh'
[2.131s] INFO:colcon.colcon_core.shell:Creating prefix chain script '/home/kseelams/ece569-fall2025/lab3/ws3/src/install/setup.zsh'
